wallet_bottomnav2/app/build/intermediates/manifest_merge_blame_file/debug/manifest-merger-blame-debug-report.txt
1<?xml version="1.0" encoding="utf-8"?>
2<manifest xmlns:android="http://schemas.android.com/apk/res/android"
3    package="com.example.wallet_bottom_nav_2"
4    android:versionCode="1"
5    android:versionName="1.0" >
6
7    <uses-sdk
8        android:minSdkVersion="21"
8-->src\main\AndroidManifest.xml
9        android:targetSdkVersion="30" />
9-->src\main\AndroidManifest.xml
10
11    <application
11-->src\main\AndroidManifest.xml:6:5-26:19
12        android:allowBackup="true"
12-->src\main\AndroidManifest.xml:7:9-35
13        android:appComponentFactory="androidx.core.app.CoreComponentFactory"
13-->[androidx.core:core:1.5.0] AndroidManifest.xml:24:18-86
14        android:debuggable="true"
15        android:icon="@mipmap/ic_launcher"
15-->src\main\AndroidManifest.xml:8:9-43
16        android:label="@string/app_name"
16-->src\main\AndroidManifest.xml:9:9-41
17        android:roundIcon="@mipmap/ic_launcher_round"
17-->src\main\AndroidManifest.xml:10:9-54
18        android:supportsRtl="true"
18-->src\main\AndroidManifest.xml:11:9-35
19        android:testOnly="true"
20        android:theme="@style/Theme.Wallet_bottomnav2" >
20-->src\main\AndroidManifest.xml:12:9-55
21        <activity
21-->src\main\AndroidManifest.xml:13:9-15:69
22            android:name="com.example.wallet_bottom_nav_2.ui.login.LoginActivity"
22-->src\main\AndroidManifest.xml:14:13-51
23            android:label="@string/title_activity_login" />
23-->src\main\AndroidManifest.xml:15:13-57
24        <activity
24-->src\main\AndroidManifest.xml:16:9-24:20
25            android:name="com.example.wallet_bottom_nav_2.MainActivity"
25-->src\main\AndroidManifest.xml:17:13-41
26            android:label="@string/app_name" >
26-->src\main\AndroidManifest.xml:18:13-45
27            <intent-filter>
27-->src\main\AndroidManifest.xml:19:13-23:29
28                <action android:name="android.intent.action.MAIN" />
28-->src\main\AndroidManifest.xml:20:17-69
28-->src\main\AndroidManifest.xml:20:25-66
29
30                <category android:name="android.intent.category.LAUNCHER" />
30-->src\main\AndroidManifest.xml:22:17-77
30-->src\main\AndroidManifest.xml:22:27-74
31            </intent-filter>
32        </activity>
33
34        <meta-data
34-->src\main\AndroidManifest.xml:25:9-76
35            android:name="android.max_aspect"
35-->src\main\AndroidManifest.xml:25:20-53
36            android:value="2.1" />
36-->src\main\AndroidManifest.xml:25:54-73
37    </application>
38
39</manifest>